<?xml version="1.0" encoding="UTF-8"?>
<!-- Generated by org.testng.reporters.JUnitReportReporter -->
<testsuite hostname="SinanOynak.local" failures="0" tests="1" name="InventoryChecks" time="3.846" errors="0" timestamp="2021-12-24T12:00:59 TRT" skipped="0">
  <testcase classname="InventoryChecks" name="stockTestGetInventoryCheckHappyPath" time="3.846"/>
  <system-out/>
</testsuite> <!-- InventoryChecks -->
